<testsuites id="" name="" tests="60" failures="24" skipped="36" errors="0" time="77.08072100000001">
<testsuite name="docs-system.spec.ts" timestamp="2025-11-08T22:07:57.606Z" hostname="chromium" tests="12" failures="12" skipped="0" time="216.202" errors="0">
<testcase name="ðŸ“š Documentation System â€º should navigate to docs page and show documents" classname="docs-system.spec.ts" time="18.624">
<failure message="docs-system.spec.ts:25:3 should navigate to docs page and show documents" type="FAILURE">
<![CDATA[  [chromium] â€º docs-system.spec.ts:25:3 â€º ðŸ“š Documentation System â€º should navigate to docs page and show documents 

    TimeoutError: locator.click: Timeout 15000ms exceeded.
    Call log:
      - waiting for getByRole('button', { name: /dev login/i })


      19 |     // Login first (using dev login)
      20 |     await page.goto('http://localhost:3000/login');
    > 21 |     await page.getByRole('button', { name: /dev login/i }).click();
         |                                                            ^
      22 |     await page.waitForURL('http://localhost:3000/');
      23 |   });
      24 |
        at C:\Users\empir\Tekup\services\tekup-ai-v2\tests\docs-system.spec.ts:21:60

    attachment #1: screenshot (image/png) â”€â”€â”€â”€â”€â”€â”€â”€â”€â”€â”€â”€â”€â”€â”€â”€â”€â”€â”€â”€â”€â”€â”€â”€â”€â”€â”€â”€â”€â”€â”€â”€â”€â”€â”€â”€â”€â”€â”€â”€â”€â”€â”€â”€â”€â”€â”€â”€â”€â”€â”€â”€â”€â”€â”€â”€â”€â”€
    ..\test-results\docs-system-ðŸ“š-Documentati-b945f-ocs-page-and-show-documents-chromium\test-failed-1.png
    â”€â”€â”€â”€â”€â”€â”€â”€â”€â”€â”€â”€â”€â”€â”€â”€â”€â”€â”€â”€â”€â”€â”€â”€â”€â”€â”€â”€â”€â”€â”€â”€â”€â”€â”€â”€â”€â”€â”€â”€â”€â”€â”€â”€â”€â”€â”€â”€â”€â”€â”€â”€â”€â”€â”€â”€â”€â”€â”€â”€â”€â”€â”€â”€â”€â”€â”€â”€â”€â”€â”€â”€â”€â”€â”€â”€â”€â”€â”€â”€â”€â”€â”€â”€â”€â”€â”€â”€â”€â”€â”€â”€â”€â”€â”€â”€

    attachment #2: video (video/webm) â”€â”€â”€â”€â”€â”€â”€â”€â”€â”€â”€â”€â”€â”€â”€â”€â”€â”€â”€â”€â”€â”€â”€â”€â”€â”€â”€â”€â”€â”€â”€â”€â”€â”€â”€â”€â”€â”€â”€â”€â”€â”€â”€â”€â”€â”€â”€â”€â”€â”€â”€â”€â”€â”€â”€â”€â”€â”€â”€â”€â”€â”€
    ..\test-results\docs-system-ðŸ“š-Documentati-b945f-ocs-page-and-show-documents-chromium\video.webm
    â”€â”€â”€â”€â”€â”€â”€â”€â”€â”€â”€â”€â”€â”€â”€â”€â”€â”€â”€â”€â”€â”€â”€â”€â”€â”€â”€â”€â”€â”€â”€â”€â”€â”€â”€â”€â”€â”€â”€â”€â”€â”€â”€â”€â”€â”€â”€â”€â”€â”€â”€â”€â”€â”€â”€â”€â”€â”€â”€â”€â”€â”€â”€â”€â”€â”€â”€â”€â”€â”€â”€â”€â”€â”€â”€â”€â”€â”€â”€â”€â”€â”€â”€â”€â”€â”€â”€â”€â”€â”€â”€â”€â”€â”€â”€â”€

    Error Context: ..\test-results\docs-system-ðŸ“š-Documentati-b945f-ocs-page-and-show-documents-chromium\error-context.md
]]>
</failure>
<system-out>
<![CDATA[
[[ATTACHMENT|docs-system-ðŸ“š-Documentati-b945f-ocs-page-and-show-documents-chromium\test-failed-1.png]]

[[ATTACHMENT|docs-system-ðŸ“š-Documentati-b945f-ocs-page-and-show-documents-chromium\video.webm]]

[[ATTACHMENT|docs-system-ðŸ“š-Documentati-b945f-ocs-page-and-show-documents-chromium\error-context.md]]
]]>
</system-out>
</testcase>
<testcase name="ðŸ“š Documentation System â€º should filter by category" classname="docs-system.spec.ts" time="18.895">
<failure message="docs-system.spec.ts:41:3 should filter by category" type="FAILURE">
<![CDATA[  [chromium] â€º docs-system.spec.ts:41:3 â€º ðŸ“š Documentation System â€º should filter by category â”€â”€â”€â”€â”€â”€

    TimeoutError: locator.click: Timeout 15000ms exceeded.
    Call log:
      - waiting for getByRole('button', { name: /dev login/i })


      19 |     // Login first (using dev login)
      20 |     await page.goto('http://localhost:3000/login');
    > 21 |     await page.getByRole('button', { name: /dev login/i }).click();
         |                                                            ^
      22 |     await page.waitForURL('http://localhost:3000/');
      23 |   });
      24 |
        at C:\Users\empir\Tekup\services\tekup-ai-v2\tests\docs-system.spec.ts:21:60

    attachment #1: screenshot (image/png) â”€â”€â”€â”€â”€â”€â”€â”€â”€â”€â”€â”€â”€â”€â”€â”€â”€â”€â”€â”€â”€â”€â”€â”€â”€â”€â”€â”€â”€â”€â”€â”€â”€â”€â”€â”€â”€â”€â”€â”€â”€â”€â”€â”€â”€â”€â”€â”€â”€â”€â”€â”€â”€â”€â”€â”€â”€â”€
    ..\test-results\docs-system-ðŸ“š-Documentati-c8727-m-should-filter-by-category-chromium\test-failed-1.png
    â”€â”€â”€â”€â”€â”€â”€â”€â”€â”€â”€â”€â”€â”€â”€â”€â”€â”€â”€â”€â”€â”€â”€â”€â”€â”€â”€â”€â”€â”€â”€â”€â”€â”€â”€â”€â”€â”€â”€â”€â”€â”€â”€â”€â”€â”€â”€â”€â”€â”€â”€â”€â”€â”€â”€â”€â”€â”€â”€â”€â”€â”€â”€â”€â”€â”€â”€â”€â”€â”€â”€â”€â”€â”€â”€â”€â”€â”€â”€â”€â”€â”€â”€â”€â”€â”€â”€â”€â”€â”€â”€â”€â”€â”€â”€â”€

    attachment #2: video (video/webm) â”€â”€â”€â”€â”€â”€â”€â”€â”€â”€â”€â”€â”€â”€â”€â”€â”€â”€â”€â”€â”€â”€â”€â”€â”€â”€â”€â”€â”€â”€â”€â”€â”€â”€â”€â”€â”€â”€â”€â”€â”€â”€â”€â”€â”€â”€â”€â”€â”€â”€â”€â”€â”€â”€â”€â”€â”€â”€â”€â”€â”€â”€
    ..\test-results\docs-system-ðŸ“š-Documentati-c8727-m-should-filter-by-category-chromium\video.webm
    â”€â”€â”€â”€â”€â”€â”€â”€â”€â”€â”€â”€â”€â”€â”€â”€â”€â”€â”€â”€â”€â”€â”€â”€â”€â”€â”€â”€â”€â”€â”€â”€â”€â”€â”€â”€â”€â”€â”€â”€â”€â”€â”€â”€â”€â”€â”€â”€â”€â”€â”€â”€â”€â”€â”€â”€â”€â”€â”€â”€â”€â”€â”€â”€â”€â”€â”€â”€â”€â”€â”€â”€â”€â”€â”€â”€â”€â”€â”€â”€â”€â”€â”€â”€â”€â”€â”€â”€â”€â”€â”€â”€â”€â”€â”€â”€

    Error Context: ..\test-results\docs-system-ðŸ“š-Documentati-c8727-m-should-filter-by-category-chromium\error-context.md
]]>
</failure>
<system-out>
<![CDATA[
[[ATTACHMENT|docs-system-ðŸ“š-Documentati-c8727-m-should-filter-by-category-chromium\test-failed-1.png]]

[[ATTACHMENT|docs-system-ðŸ“š-Documentati-c8727-m-should-filter-by-category-chromium\video.webm]]

[[ATTACHMENT|docs-system-ðŸ“š-Documentati-c8727-m-should-filter-by-category-chromium\error-context.md]]
]]>
</system-out>
</testcase>
<testcase name="ðŸ“š Documentation System â€º should filter by outdated tag" classname="docs-system.spec.ts" time="18.57">
<failure message="docs-system.spec.ts:63:3 should filter by outdated tag" type="FAILURE">
<![CDATA[  [chromium] â€º docs-system.spec.ts:63:3 â€º ðŸ“š Documentation System â€º should filter by outdated tag â”€â”€

    TimeoutError: locator.click: Timeout 15000ms exceeded.
    Call log:
      - waiting for getByRole('button', { name: /dev login/i })


      19 |     // Login first (using dev login)
      20 |     await page.goto('http://localhost:3000/login');
    > 21 |     await page.getByRole('button', { name: /dev login/i }).click();
         |                                                            ^
      22 |     await page.waitForURL('http://localhost:3000/');
      23 |   });
      24 |
        at C:\Users\empir\Tekup\services\tekup-ai-v2\tests\docs-system.spec.ts:21:60

    attachment #1: screenshot (image/png) â”€â”€â”€â”€â”€â”€â”€â”€â”€â”€â”€â”€â”€â”€â”€â”€â”€â”€â”€â”€â”€â”€â”€â”€â”€â”€â”€â”€â”€â”€â”€â”€â”€â”€â”€â”€â”€â”€â”€â”€â”€â”€â”€â”€â”€â”€â”€â”€â”€â”€â”€â”€â”€â”€â”€â”€â”€â”€
    ..\test-results\docs-system-ðŸ“š-Documentati-43077-ould-filter-by-outdated-tag-chromium\test-failed-1.png
    â”€â”€â”€â”€â”€â”€â”€â”€â”€â”€â”€â”€â”€â”€â”€â”€â”€â”€â”€â”€â”€â”€â”€â”€â”€â”€â”€â”€â”€â”€â”€â”€â”€â”€â”€â”€â”€â”€â”€â”€â”€â”€â”€â”€â”€â”€â”€â”€â”€â”€â”€â”€â”€â”€â”€â”€â”€â”€â”€â”€â”€â”€â”€â”€â”€â”€â”€â”€â”€â”€â”€â”€â”€â”€â”€â”€â”€â”€â”€â”€â”€â”€â”€â”€â”€â”€â”€â”€â”€â”€â”€â”€â”€â”€â”€â”€

    attachment #2: video (video/webm) â”€â”€â”€â”€â”€â”€â”€â”€â”€â”€â”€â”€â”€â”€â”€â”€â”€â”€â”€â”€â”€â”€â”€â”€â”€â”€â”€â”€â”€â”€â”€â”€â”€â”€â”€â”€â”€â”€â”€â”€â”€â”€â”€â”€â”€â”€â”€â”€â”€â”€â”€â”€â”€â”€â”€â”€â”€â”€â”€â”€â”€â”€
    ..\test-results\docs-system-ðŸ“š-Documentati-43077-ould-filter-by-outdated-tag-chromium\video.webm
    â”€â”€â”€â”€â”€â”€â”€â”€â”€â”€â”€â”€â”€â”€â”€â”€â”€â”€â”€â”€â”€â”€â”€â”€â”€â”€â”€â”€â”€â”€â”€â”€â”€â”€â”€â”€â”€â”€â”€â”€â”€â”€â”€â”€â”€â”€â”€â”€â”€â”€â”€â”€â”€â”€â”€â”€â”€â”€â”€â”€â”€â”€â”€â”€â”€â”€â”€â”€â”€â”€â”€â”€â”€â”€â”€â”€â”€â”€â”€â”€â”€â”€â”€â”€â”€â”€â”€â”€â”€â”€â”€â”€â”€â”€â”€â”€

    Error Context: ..\test-results\docs-system-ðŸ“š-Documentati-43077-ould-filter-by-outdated-tag-chromium\error-context.md
]]>
</failure>
<system-out>
<![CDATA[
[[ATTACHMENT|docs-system-ðŸ“š-Documentati-43077-ould-filter-by-outdated-tag-chromium\test-failed-1.png]]

[[ATTACHMENT|docs-system-ðŸ“š-Documentati-43077-ould-filter-by-outdated-tag-chromium\video.webm]]

[[ATTACHMENT|docs-system-ðŸ“š-Documentati-43077-ould-filter-by-outdated-tag-chromium\error-context.md]]
]]>
</system-out>
</testcase>
<testcase name="ðŸ“š Documentation System â€º should search for documents" classname="docs-system.spec.ts" time="18.447">
<failure message="docs-system.spec.ts:86:3 should search for documents" type="FAILURE">
<![CDATA[  [chromium] â€º docs-system.spec.ts:86:3 â€º ðŸ“š Documentation System â€º should search for documents â”€â”€â”€â”€

    TimeoutError: locator.click: Timeout 15000ms exceeded.
    Call log:
      - waiting for getByRole('button', { name: /dev login/i })


      19 |     // Login first (using dev login)
      20 |     await page.goto('http://localhost:3000/login');
    > 21 |     await page.getByRole('button', { name: /dev login/i }).click();
         |                                                            ^
      22 |     await page.waitForURL('http://localhost:3000/');
      23 |   });
      24 |
        at C:\Users\empir\Tekup\services\tekup-ai-v2\tests\docs-system.spec.ts:21:60

    attachment #1: screenshot (image/png) â”€â”€â”€â”€â”€â”€â”€â”€â”€â”€â”€â”€â”€â”€â”€â”€â”€â”€â”€â”€â”€â”€â”€â”€â”€â”€â”€â”€â”€â”€â”€â”€â”€â”€â”€â”€â”€â”€â”€â”€â”€â”€â”€â”€â”€â”€â”€â”€â”€â”€â”€â”€â”€â”€â”€â”€â”€â”€
    ..\test-results\docs-system-ðŸ“š-Documentati-6c238-should-search-for-documents-chromium\test-failed-1.png
    â”€â”€â”€â”€â”€â”€â”€â”€â”€â”€â”€â”€â”€â”€â”€â”€â”€â”€â”€â”€â”€â”€â”€â”€â”€â”€â”€â”€â”€â”€â”€â”€â”€â”€â”€â”€â”€â”€â”€â”€â”€â”€â”€â”€â”€â”€â”€â”€â”€â”€â”€â”€â”€â”€â”€â”€â”€â”€â”€â”€â”€â”€â”€â”€â”€â”€â”€â”€â”€â”€â”€â”€â”€â”€â”€â”€â”€â”€â”€â”€â”€â”€â”€â”€â”€â”€â”€â”€â”€â”€â”€â”€â”€â”€â”€â”€

    attachment #2: video (video/webm) â”€â”€â”€â”€â”€â”€â”€â”€â”€â”€â”€â”€â”€â”€â”€â”€â”€â”€â”€â”€â”€â”€â”€â”€â”€â”€â”€â”€â”€â”€â”€â”€â”€â”€â”€â”€â”€â”€â”€â”€â”€â”€â”€â”€â”€â”€â”€â”€â”€â”€â”€â”€â”€â”€â”€â”€â”€â”€â”€â”€â”€â”€
    ..\test-results\docs-system-ðŸ“š-Documentati-6c238-should-search-for-documents-chromium\video.webm
    â”€â”€â”€â”€â”€â”€â”€â”€â”€â”€â”€â”€â”€â”€â”€â”€â”€â”€â”€â”€â”€â”€â”€â”€â”€â”€â”€â”€â”€â”€â”€â”€â”€â”€â”€â”€â”€â”€â”€â”€â”€â”€â”€â”€â”€â”€â”€â”€â”€â”€â”€â”€â”€â”€â”€â”€â”€â”€â”€â”€â”€â”€â”€â”€â”€â”€â”€â”€â”€â”€â”€â”€â”€â”€â”€â”€â”€â”€â”€â”€â”€â”€â”€â”€â”€â”€â”€â”€â”€â”€â”€â”€â”€â”€â”€â”€

    Error Context: ..\test-results\docs-system-ðŸ“š-Documentati-6c238-should-search-for-documents-chromium\error-context.md
]]>
</failure>
<system-out>
<![CDATA[
[[ATTACHMENT|docs-system-ðŸ“š-Documentati-6c238-should-search-for-documents-chromium\test-failed-1.png]]

[[ATTACHMENT|docs-system-ðŸ“š-Documentati-6c238-should-search-for-documents-chromium\video.webm]]

[[ATTACHMENT|docs-system-ðŸ“š-Documentati-6c238-should-search-for-documents-chromium\error-context.md]]
]]>
</system-out>
</testcase>
<testcase name="ðŸ“š Documentation System â€º should open template dropdown and show templates" classname="docs-system.spec.ts" time="17.843">
<failure message="docs-system.spec.ts:104:3 should open template dropdown and show templates" type="FAILURE">
<![CDATA[  [chromium] â€º docs-system.spec.ts:104:3 â€º ðŸ“š Documentation System â€º should open template dropdown and show templates 

    TimeoutError: locator.click: Timeout 15000ms exceeded.
    Call log:
      - waiting for getByRole('button', { name: /dev login/i })


      19 |     // Login first (using dev login)
      20 |     await page.goto('http://localhost:3000/login');
    > 21 |     await page.getByRole('button', { name: /dev login/i }).click();
         |                                                            ^
      22 |     await page.waitForURL('http://localhost:3000/');
      23 |   });
      24 |
        at C:\Users\empir\Tekup\services\tekup-ai-v2\tests\docs-system.spec.ts:21:60

    attachment #1: screenshot (image/png) â”€â”€â”€â”€â”€â”€â”€â”€â”€â”€â”€â”€â”€â”€â”€â”€â”€â”€â”€â”€â”€â”€â”€â”€â”€â”€â”€â”€â”€â”€â”€â”€â”€â”€â”€â”€â”€â”€â”€â”€â”€â”€â”€â”€â”€â”€â”€â”€â”€â”€â”€â”€â”€â”€â”€â”€â”€â”€
    ..\test-results\docs-system-ðŸ“š-Documentati-110ee-dropdown-and-show-templates-chromium\test-failed-1.png
    â”€â”€â”€â”€â”€â”€â”€â”€â”€â”€â”€â”€â”€â”€â”€â”€â”€â”€â”€â”€â”€â”€â”€â”€â”€â”€â”€â”€â”€â”€â”€â”€â”€â”€â”€â”€â”€â”€â”€â”€â”€â”€â”€â”€â”€â”€â”€â”€â”€â”€â”€â”€â”€â”€â”€â”€â”€â”€â”€â”€â”€â”€â”€â”€â”€â”€â”€â”€â”€â”€â”€â”€â”€â”€â”€â”€â”€â”€â”€â”€â”€â”€â”€â”€â”€â”€â”€â”€â”€â”€â”€â”€â”€â”€â”€â”€

    attachment #2: video (video/webm) â”€â”€â”€â”€â”€â”€â”€â”€â”€â”€â”€â”€â”€â”€â”€â”€â”€â”€â”€â”€â”€â”€â”€â”€â”€â”€â”€â”€â”€â”€â”€â”€â”€â”€â”€â”€â”€â”€â”€â”€â”€â”€â”€â”€â”€â”€â”€â”€â”€â”€â”€â”€â”€â”€â”€â”€â”€â”€â”€â”€â”€â”€
    ..\test-results\docs-system-ðŸ“š-Documentati-110ee-dropdown-and-show-templates-chromium\video.webm
    â”€â”€â”€â”€â”€â”€â”€â”€â”€â”€â”€â”€â”€â”€â”€â”€â”€â”€â”€â”€â”€â”€â”€â”€â”€â”€â”€â”€â”€â”€â”€â”€â”€â”€â”€â”€â”€â”€â”€â”€â”€â”€â”€â”€â”€â”€â”€â”€â”€â”€â”€â”€â”€â”€â”€â”€â”€â”€â”€â”€â”€â”€â”€â”€â”€â”€â”€â”€â”€â”€â”€â”€â”€â”€â”€â”€â”€â”€â”€â”€â”€â”€â”€â”€â”€â”€â”€â”€â”€â”€â”€â”€â”€â”€â”€â”€

    Error Context: ..\test-results\docs-system-ðŸ“š-Documentati-110ee-dropdown-and-show-templates-chromium\error-context.md
]]>
</failure>
<system-out>
<![CDATA[
[[ATTACHMENT|docs-system-ðŸ“š-Documentati-110ee-dropdown-and-show-templates-chromium\test-failed-1.png]]

[[ATTACHMENT|docs-system-ðŸ“š-Documentati-110ee-dropdown-and-show-templates-chromium\video.webm]]

[[ATTACHMENT|docs-system-ðŸ“š-Documentati-110ee-dropdown-and-show-templates-chromium\error-context.md]]
]]>
</system-out>
</testcase>
<testcase name="ðŸ“š Documentation System â€º should create document with Bug Report template" classname="docs-system.spec.ts" time="17.96">
<failure message="docs-system.spec.ts:120:3 should create document with Bug Report template" type="FAILURE">
<![CDATA[  [chromium] â€º docs-system.spec.ts:120:3 â€º ðŸ“š Documentation System â€º should create document with Bug Report template 

    TimeoutError: locator.click: Timeout 15000ms exceeded.
    Call log:
      - waiting for getByRole('button', { name: /dev login/i })


      19 |     // Login first (using dev login)
      20 |     await page.goto('http://localhost:3000/login');
    > 21 |     await page.getByRole('button', { name: /dev login/i }).click();
         |                                                            ^
      22 |     await page.waitForURL('http://localhost:3000/');
      23 |   });
      24 |
        at C:\Users\empir\Tekup\services\tekup-ai-v2\tests\docs-system.spec.ts:21:60

    attachment #1: screenshot (image/png) â”€â”€â”€â”€â”€â”€â”€â”€â”€â”€â”€â”€â”€â”€â”€â”€â”€â”€â”€â”€â”€â”€â”€â”€â”€â”€â”€â”€â”€â”€â”€â”€â”€â”€â”€â”€â”€â”€â”€â”€â”€â”€â”€â”€â”€â”€â”€â”€â”€â”€â”€â”€â”€â”€â”€â”€â”€â”€
    ..\test-results\docs-system-ðŸ“š-Documentati-4dc92-nt-with-Bug-Report-template-chromium\test-failed-1.png
    â”€â”€â”€â”€â”€â”€â”€â”€â”€â”€â”€â”€â”€â”€â”€â”€â”€â”€â”€â”€â”€â”€â”€â”€â”€â”€â”€â”€â”€â”€â”€â”€â”€â”€â”€â”€â”€â”€â”€â”€â”€â”€â”€â”€â”€â”€â”€â”€â”€â”€â”€â”€â”€â”€â”€â”€â”€â”€â”€â”€â”€â”€â”€â”€â”€â”€â”€â”€â”€â”€â”€â”€â”€â”€â”€â”€â”€â”€â”€â”€â”€â”€â”€â”€â”€â”€â”€â”€â”€â”€â”€â”€â”€â”€â”€â”€

    attachment #2: video (video/webm) â”€â”€â”€â”€â”€â”€â”€â”€â”€â”€â”€â”€â”€â”€â”€â”€â”€â”€â”€â”€â”€â”€â”€â”€â”€â”€â”€â”€â”€â”€â”€â”€â”€â”€â”€â”€â”€â”€â”€â”€â”€â”€â”€â”€â”€â”€â”€â”€â”€â”€â”€â”€â”€â”€â”€â”€â”€â”€â”€â”€â”€â”€
    ..\test-results\docs-system-ðŸ“š-Documentati-4dc92-nt-with-Bug-Report-template-chromium\video.webm
    â”€â”€â”€â”€â”€â”€â”€â”€â”€â”€â”€â”€â”€â”€â”€â”€â”€â”€â”€â”€â”€â”€â”€â”€â”€â”€â”€â”€â”€â”€â”€â”€â”€â”€â”€â”€â”€â”€â”€â”€â”€â”€â”€â”€â”€â”€â”€â”€â”€â”€â”€â”€â”€â”€â”€â”€â”€â”€â”€â”€â”€â”€â”€â”€â”€â”€â”€â”€â”€â”€â”€â”€â”€â”€â”€â”€â”€â”€â”€â”€â”€â”€â”€â”€â”€â”€â”€â”€â”€â”€â”€â”€â”€â”€â”€â”€

    Error Context: ..\test-results\docs-system-ðŸ“š-Documentati-4dc92-nt-with-Bug-Report-template-chromium\error-context.md
]]>
</failure>
<system-out>
<![CDATA[
[[ATTACHMENT|docs-system-ðŸ“š-Documentati-4dc92-nt-with-Bug-Report-template-chromium\test-failed-1.png]]

[[ATTACHMENT|docs-system-ðŸ“š-Documentati-4dc92-nt-with-Bug-Report-template-chromium\video.webm]]

[[ATTACHMENT|docs-system-ðŸ“š-Documentati-4dc92-nt-with-Bug-Report-template-chromium\error-context.md]]
]]>
</system-out>
</testcase>
<testcase name="ðŸ“š Documentation System â€º should toggle between Edit and Preview tabs" classname="docs-system.spec.ts" time="18.071">
<failure message="docs-system.spec.ts:159:3 should toggle between Edit and Preview tabs" type="FAILURE">
<![CDATA[  [chromium] â€º docs-system.spec.ts:159:3 â€º ðŸ“š Documentation System â€º should toggle between Edit and Preview tabs 

    TimeoutError: locator.click: Timeout 15000ms exceeded.
    Call log:
      - waiting for getByRole('button', { name: /dev login/i })


      19 |     // Login first (using dev login)
      20 |     await page.goto('http://localhost:3000/login');
    > 21 |     await page.getByRole('button', { name: /dev login/i }).click();
         |                                                            ^
      22 |     await page.waitForURL('http://localhost:3000/');
      23 |   });
      24 |
        at C:\Users\empir\Tekup\services\tekup-ai-v2\tests\docs-system.spec.ts:21:60

    attachment #1: screenshot (image/png) â”€â”€â”€â”€â”€â”€â”€â”€â”€â”€â”€â”€â”€â”€â”€â”€â”€â”€â”€â”€â”€â”€â”€â”€â”€â”€â”€â”€â”€â”€â”€â”€â”€â”€â”€â”€â”€â”€â”€â”€â”€â”€â”€â”€â”€â”€â”€â”€â”€â”€â”€â”€â”€â”€â”€â”€â”€â”€
    ..\test-results\docs-system-ðŸ“š-Documentati-a2067-tween-Edit-and-Preview-tabs-chromium\test-failed-1.png
    â”€â”€â”€â”€â”€â”€â”€â”€â”€â”€â”€â”€â”€â”€â”€â”€â”€â”€â”€â”€â”€â”€â”€â”€â”€â”€â”€â”€â”€â”€â”€â”€â”€â”€â”€â”€â”€â”€â”€â”€â”€â”€â”€â”€â”€â”€â”€â”€â”€â”€â”€â”€â”€â”€â”€â”€â”€â”€â”€â”€â”€â”€â”€â”€â”€â”€â”€â”€â”€â”€â”€â”€â”€â”€â”€â”€â”€â”€â”€â”€â”€â”€â”€â”€â”€â”€â”€â”€â”€â”€â”€â”€â”€â”€â”€â”€

    attachment #2: video (video/webm) â”€â”€â”€â”€â”€â”€â”€â”€â”€â”€â”€â”€â”€â”€â”€â”€â”€â”€â”€â”€â”€â”€â”€â”€â”€â”€â”€â”€â”€â”€â”€â”€â”€â”€â”€â”€â”€â”€â”€â”€â”€â”€â”€â”€â”€â”€â”€â”€â”€â”€â”€â”€â”€â”€â”€â”€â”€â”€â”€â”€â”€â”€
    ..\test-results\docs-system-ðŸ“š-Documentati-a2067-tween-Edit-and-Preview-tabs-chromium\video.webm
    â”€â”€â”€â”€â”€â”€â”€â”€â”€â”€â”€â”€â”€â”€â”€â”€â”€â”€â”€â”€â”€â”€â”€â”€â”€â”€â”€â”€â”€â”€â”€â”€â”€â”€â”€â”€â”€â”€â”€â”€â”€â”€â”€â”€â”€â”€â”€â”€â”€â”€â”€â”€â”€â”€â”€â”€â”€â”€â”€â”€â”€â”€â”€â”€â”€â”€â”€â”€â”€â”€â”€â”€â”€â”€â”€â”€â”€â”€â”€â”€â”€â”€â”€â”€â”€â”€â”€â”€â”€â”€â”€â”€â”€â”€â”€â”€

    Error Context: ..\test-results\docs-system-ðŸ“š-Documentati-a2067-tween-Edit-and-Preview-tabs-chromium\error-context.md
]]>
</failure>
<system-out>
<![CDATA[
[[ATTACHMENT|docs-system-ðŸ“š-Documentati-a2067-tween-Edit-and-Preview-tabs-chromium\test-failed-1.png]]

[[ATTACHMENT|docs-system-ðŸ“š-Documentati-a2067-tween-Edit-and-Preview-tabs-chromium\video.webm]]

[[ATTACHMENT|docs-system-ðŸ“š-Documentati-a2067-tween-Edit-and-Preview-tabs-chromium\error-context.md]]
]]>
</system-out>
</testcase>
<testcase name="ðŸ“š Documentation System â€º should show quick actions menu on doc card" classname="docs-system.spec.ts" time="17.673">
<failure message="docs-system.spec.ts:184:3 should show quick actions menu on doc card" type="FAILURE">
<![CDATA[  [chromium] â€º docs-system.spec.ts:184:3 â€º ðŸ“š Documentation System â€º should show quick actions menu on doc card 

    TimeoutError: locator.click: Timeout 15000ms exceeded.
    Call log:
      - waiting for getByRole('button', { name: /dev login/i })


      19 |     // Login first (using dev login)
      20 |     await page.goto('http://localhost:3000/login');
    > 21 |     await page.getByRole('button', { name: /dev login/i }).click();
         |                                                            ^
      22 |     await page.waitForURL('http://localhost:3000/');
      23 |   });
      24 |
        at C:\Users\empir\Tekup\services\tekup-ai-v2\tests\docs-system.spec.ts:21:60

    attachment #1: screenshot (image/png) â”€â”€â”€â”€â”€â”€â”€â”€â”€â”€â”€â”€â”€â”€â”€â”€â”€â”€â”€â”€â”€â”€â”€â”€â”€â”€â”€â”€â”€â”€â”€â”€â”€â”€â”€â”€â”€â”€â”€â”€â”€â”€â”€â”€â”€â”€â”€â”€â”€â”€â”€â”€â”€â”€â”€â”€â”€â”€
    ..\test-results\docs-system-ðŸ“š-Documentati-7df93-ck-actions-menu-on-doc-card-chromium\test-failed-1.png
    â”€â”€â”€â”€â”€â”€â”€â”€â”€â”€â”€â”€â”€â”€â”€â”€â”€â”€â”€â”€â”€â”€â”€â”€â”€â”€â”€â”€â”€â”€â”€â”€â”€â”€â”€â”€â”€â”€â”€â”€â”€â”€â”€â”€â”€â”€â”€â”€â”€â”€â”€â”€â”€â”€â”€â”€â”€â”€â”€â”€â”€â”€â”€â”€â”€â”€â”€â”€â”€â”€â”€â”€â”€â”€â”€â”€â”€â”€â”€â”€â”€â”€â”€â”€â”€â”€â”€â”€â”€â”€â”€â”€â”€â”€â”€â”€

    attachment #2: video (video/webm) â”€â”€â”€â”€â”€â”€â”€â”€â”€â”€â”€â”€â”€â”€â”€â”€â”€â”€â”€â”€â”€â”€â”€â”€â”€â”€â”€â”€â”€â”€â”€â”€â”€â”€â”€â”€â”€â”€â”€â”€â”€â”€â”€â”€â”€â”€â”€â”€â”€â”€â”€â”€â”€â”€â”€â”€â”€â”€â”€â”€â”€â”€
    ..\test-results\docs-system-ðŸ“š-Documentati-7df93-ck-actions-menu-on-doc-card-chromium\video.webm
    â”€â”€â”€â”€â”€â”€â”€â”€â”€â”€â”€â”€â”€â”€â”€â”€â”€â”€â”€â”€â”€â”€â”€â”€â”€â”€â”€â”€â”€â”€â”€â”€â”€â”€â”€â”€â”€â”€â”€â”€â”€â”€â”€â”€â”€â”€â”€â”€â”€â”€â”€â”€â”€â”€â”€â”€â”€â”€â”€â”€â”€â”€â”€â”€â”€â”€â”€â”€â”€â”€â”€â”€â”€â”€â”€â”€â”€â”€â”€â”€â”€â”€â”€â”€â”€â”€â”€â”€â”€â”€â”€â”€â”€â”€â”€â”€

    Error Context: ..\test-results\docs-system-ðŸ“š-Documentati-7df93-ck-actions-menu-on-doc-card-chromium\error-context.md
]]>
</failure>
<system-out>
<![CDATA[
[[ATTACHMENT|docs-system-ðŸ“š-Documentati-7df93-ck-actions-menu-on-doc-card-chromium\test-failed-1.png]]

[[ATTACHMENT|docs-system-ðŸ“š-Documentati-7df93-ck-actions-menu-on-doc-card-chromium\video.webm]]

[[ATTACHMENT|docs-system-ðŸ“š-Documentati-7df93-ck-actions-menu-on-doc-card-chromium\error-context.md]]
]]>
</system-out>
</testcase>
<testcase name="ðŸ“š Documentation System â€º should view a document" classname="docs-system.spec.ts" time="18.184">
<failure message="docs-system.spec.ts:200:3 should view a document" type="FAILURE">
<![CDATA[  [chromium] â€º docs-system.spec.ts:200:3 â€º ðŸ“š Documentation System â€º should view a document â”€â”€â”€â”€â”€â”€â”€â”€

    TimeoutError: locator.click: Timeout 15000ms exceeded.
    Call log:
      - waiting for getByRole('button', { name: /dev login/i })


      19 |     // Login first (using dev login)
      20 |     await page.goto('http://localhost:3000/login');
    > 21 |     await page.getByRole('button', { name: /dev login/i }).click();
         |                                                            ^
      22 |     await page.waitForURL('http://localhost:3000/');
      23 |   });
      24 |
        at C:\Users\empir\Tekup\services\tekup-ai-v2\tests\docs-system.spec.ts:21:60

    attachment #1: screenshot (image/png) â”€â”€â”€â”€â”€â”€â”€â”€â”€â”€â”€â”€â”€â”€â”€â”€â”€â”€â”€â”€â”€â”€â”€â”€â”€â”€â”€â”€â”€â”€â”€â”€â”€â”€â”€â”€â”€â”€â”€â”€â”€â”€â”€â”€â”€â”€â”€â”€â”€â”€â”€â”€â”€â”€â”€â”€â”€â”€
    ..\test-results\docs-system-ðŸ“š-Documentation-System-should-view-a-document-chromium\test-failed-1.png
    â”€â”€â”€â”€â”€â”€â”€â”€â”€â”€â”€â”€â”€â”€â”€â”€â”€â”€â”€â”€â”€â”€â”€â”€â”€â”€â”€â”€â”€â”€â”€â”€â”€â”€â”€â”€â”€â”€â”€â”€â”€â”€â”€â”€â”€â”€â”€â”€â”€â”€â”€â”€â”€â”€â”€â”€â”€â”€â”€â”€â”€â”€â”€â”€â”€â”€â”€â”€â”€â”€â”€â”€â”€â”€â”€â”€â”€â”€â”€â”€â”€â”€â”€â”€â”€â”€â”€â”€â”€â”€â”€â”€â”€â”€â”€â”€

    attachment #2: video (video/webm) â”€â”€â”€â”€â”€â”€â”€â”€â”€â”€â”€â”€â”€â”€â”€â”€â”€â”€â”€â”€â”€â”€â”€â”€â”€â”€â”€â”€â”€â”€â”€â”€â”€â”€â”€â”€â”€â”€â”€â”€â”€â”€â”€â”€â”€â”€â”€â”€â”€â”€â”€â”€â”€â”€â”€â”€â”€â”€â”€â”€â”€â”€
    ..\test-results\docs-system-ðŸ“š-Documentation-System-should-view-a-document-chromium\video.webm
    â”€â”€â”€â”€â”€â”€â”€â”€â”€â”€â”€â”€â”€â”€â”€â”€â”€â”€â”€â”€â”€â”€â”€â”€â”€â”€â”€â”€â”€â”€â”€â”€â”€â”€â”€â”€â”€â”€â”€â”€â”€â”€â”€â”€â”€â”€â”€â”€â”€â”€â”€â”€â”€â”€â”€â”€â”€â”€â”€â”€â”€â”€â”€â”€â”€â”€â”€â”€â”€â”€â”€â”€â”€â”€â”€â”€â”€â”€â”€â”€â”€â”€â”€â”€â”€â”€â”€â”€â”€â”€â”€â”€â”€â”€â”€â”€

    Error Context: ..\test-results\docs-system-ðŸ“š-Documentation-System-should-view-a-document-chromium\error-context.md
]]>
</failure>
<system-out>
<![CDATA[
[[ATTACHMENT|docs-system-ðŸ“š-Documentation-System-should-view-a-document-chromium\test-failed-1.png]]

[[ATTACHMENT|docs-system-ðŸ“š-Documentation-System-should-view-a-document-chromium\video.webm]]

[[ATTACHMENT|docs-system-ðŸ“š-Documentation-System-should-view-a-document-chromium\error-context.md]]
]]>
</system-out>
</testcase>
<testcase name="ðŸ“š Documentation System â€º should show correct count after filtering" classname="docs-system.spec.ts" time="17.765">
<failure message="docs-system.spec.ts:222:3 should show correct count after filtering" type="FAILURE">
<![CDATA[  [chromium] â€º docs-system.spec.ts:222:3 â€º ðŸ“š Documentation System â€º should show correct count after filtering 

    TimeoutError: locator.click: Timeout 15000ms exceeded.
    Call log:
      - waiting for getByRole('button', { name: /dev login/i })


      19 |     // Login first (using dev login)
      20 |     await page.goto('http://localhost:3000/login');
    > 21 |     await page.getByRole('button', { name: /dev login/i }).click();
         |                                                            ^
      22 |     await page.waitForURL('http://localhost:3000/');
      23 |   });
      24 |
        at C:\Users\empir\Tekup\services\tekup-ai-v2\tests\docs-system.spec.ts:21:60

    attachment #1: screenshot (image/png) â”€â”€â”€â”€â”€â”€â”€â”€â”€â”€â”€â”€â”€â”€â”€â”€â”€â”€â”€â”€â”€â”€â”€â”€â”€â”€â”€â”€â”€â”€â”€â”€â”€â”€â”€â”€â”€â”€â”€â”€â”€â”€â”€â”€â”€â”€â”€â”€â”€â”€â”€â”€â”€â”€â”€â”€â”€â”€
    ..\test-results\docs-system-ðŸ“š-Documentati-5d102-rrect-count-after-filtering-chromium\test-failed-1.png
    â”€â”€â”€â”€â”€â”€â”€â”€â”€â”€â”€â”€â”€â”€â”€â”€â”€â”€â”€â”€â”€â”€â”€â”€â”€â”€â”€â”€â”€â”€â”€â”€â”€â”€â”€â”€â”€â”€â”€â”€â”€â”€â”€â”€â”€â”€â”€â”€â”€â”€â”€â”€â”€â”€â”€â”€â”€â”€â”€â”€â”€â”€â”€â”€â”€â”€â”€â”€â”€â”€â”€â”€â”€â”€â”€â”€â”€â”€â”€â”€â”€â”€â”€â”€â”€â”€â”€â”€â”€â”€â”€â”€â”€â”€â”€â”€

    attachment #2: video (video/webm) â”€â”€â”€â”€â”€â”€â”€â”€â”€â”€â”€â”€â”€â”€â”€â”€â”€â”€â”€â”€â”€â”€â”€â”€â”€â”€â”€â”€â”€â”€â”€â”€â”€â”€â”€â”€â”€â”€â”€â”€â”€â”€â”€â”€â”€â”€â”€â”€â”€â”€â”€â”€â”€â”€â”€â”€â”€â”€â”€â”€â”€â”€
    ..\test-results\docs-system-ðŸ“š-Documentati-5d102-rrect-count-after-filtering-chromium\video.webm
    â”€â”€â”€â”€â”€â”€â”€â”€â”€â”€â”€â”€â”€â”€â”€â”€â”€â”€â”€â”€â”€â”€â”€â”€â”€â”€â”€â”€â”€â”€â”€â”€â”€â”€â”€â”€â”€â”€â”€â”€â”€â”€â”€â”€â”€â”€â”€â”€â”€â”€â”€â”€â”€â”€â”€â”€â”€â”€â”€â”€â”€â”€â”€â”€â”€â”€â”€â”€â”€â”€â”€â”€â”€â”€â”€â”€â”€â”€â”€â”€â”€â”€â”€â”€â”€â”€â”€â”€â”€â”€â”€â”€â”€â”€â”€â”€

    Error Context: ..\test-results\docs-system-ðŸ“š-Documentati-5d102-rrect-count-after-filtering-chromium\error-context.md
]]>
</failure>
<system-out>
<![CDATA[
[[ATTACHMENT|docs-system-ðŸ“š-Documentati-5d102-rrect-count-after-filtering-chromium\test-failed-1.png]]

[[ATTACHMENT|docs-system-ðŸ“š-Documentati-5d102-rrect-count-after-filtering-chromium\video.webm]]

[[ATTACHMENT|docs-system-ðŸ“š-Documentati-5d102-rrect-count-after-filtering-chromium\error-context.md]]
]]>
</system-out>
</testcase>
<testcase name="ðŸ“Š Docs System - Performance â€º should load docs page quickly" classname="docs-system.spec.ts" time="16.995">
<failure message="docs-system.spec.ts:250:3 should load docs page quickly" type="FAILURE">
<![CDATA[  [chromium] â€º docs-system.spec.ts:250:3 â€º ðŸ“Š Docs System - Performance â€º should load docs page quickly 

    TimeoutError: locator.click: Timeout 15000ms exceeded.
    Call log:
      - waiting for getByRole('button', { name: /dev login/i })


      252 |     
      253 |     await page.goto('http://localhost:3000/login');
    > 254 |     await page.getByRole('button', { name: /dev login/i }).click();
          |                                                            ^
      255 |     await page.waitForURL('http://localhost:3000/');
      256 |     
      257 |     await page.goto('http://localhost:3000/docs');
        at C:\Users\empir\Tekup\services\tekup-ai-v2\tests\docs-system.spec.ts:254:60

    attachment #1: screenshot (image/png) â”€â”€â”€â”€â”€â”€â”€â”€â”€â”€â”€â”€â”€â”€â”€â”€â”€â”€â”€â”€â”€â”€â”€â”€â”€â”€â”€â”€â”€â”€â”€â”€â”€â”€â”€â”€â”€â”€â”€â”€â”€â”€â”€â”€â”€â”€â”€â”€â”€â”€â”€â”€â”€â”€â”€â”€â”€â”€
    ..\test-results\docs-system-ðŸ“Š-Docs-System-64d2e-ould-load-docs-page-quickly-chromium\test-failed-1.png
    â”€â”€â”€â”€â”€â”€â”€â”€â”€â”€â”€â”€â”€â”€â”€â”€â”€â”€â”€â”€â”€â”€â”€â”€â”€â”€â”€â”€â”€â”€â”€â”€â”€â”€â”€â”€â”€â”€â”€â”€â”€â”€â”€â”€â”€â”€â”€â”€â”€â”€â”€â”€â”€â”€â”€â”€â”€â”€â”€â”€â”€â”€â”€â”€â”€â”€â”€â”€â”€â”€â”€â”€â”€â”€â”€â”€â”€â”€â”€â”€â”€â”€â”€â”€â”€â”€â”€â”€â”€â”€â”€â”€â”€â”€â”€â”€

    attachment #2: video (video/webm) â”€â”€â”€â”€â”€â”€â”€â”€â”€â”€â”€â”€â”€â”€â”€â”€â”€â”€â”€â”€â”€â”€â”€â”€â”€â”€â”€â”€â”€â”€â”€â”€â”€â”€â”€â”€â”€â”€â”€â”€â”€â”€â”€â”€â”€â”€â”€â”€â”€â”€â”€â”€â”€â”€â”€â”€â”€â”€â”€â”€â”€â”€
    ..\test-results\docs-system-ðŸ“Š-Docs-System-64d2e-ould-load-docs-page-quickly-chromium\video.webm
    â”€â”€â”€â”€â”€â”€â”€â”€â”€â”€â”€â”€â”€â”€â”€â”€â”€â”€â”€â”€â”€â”€â”€â”€â”€â”€â”€â”€â”€â”€â”€â”€â”€â”€â”€â”€â”€â”€â”€â”€â”€â”€â”€â”€â”€â”€â”€â”€â”€â”€â”€â”€â”€â”€â”€â”€â”€â”€â”€â”€â”€â”€â”€â”€â”€â”€â”€â”€â”€â”€â”€â”€â”€â”€â”€â”€â”€â”€â”€â”€â”€â”€â”€â”€â”€â”€â”€â”€â”€â”€â”€â”€â”€â”€â”€â”€

    Error Context: ..\test-results\docs-system-ðŸ“Š-Docs-System-64d2e-ould-load-docs-page-quickly-chromium\error-context.md
]]>
</failure>
<system-out>
<![CDATA[
[[ATTACHMENT|docs-system-ðŸ“Š-Docs-System-64d2e-ould-load-docs-page-quickly-chromium\test-failed-1.png]]

[[ATTACHMENT|docs-system-ðŸ“Š-Docs-System-64d2e-ould-load-docs-page-quickly-chromium\video.webm]]

[[ATTACHMENT|docs-system-ðŸ“Š-Docs-System-64d2e-ould-load-docs-page-quickly-chromium\error-context.md]]
]]>
</system-out>
</testcase>
<testcase name="ðŸ“Š Docs System - Performance â€º should handle search debouncing" classname="docs-system.spec.ts" time="17.175">
<failure message="docs-system.spec.ts:267:3 should handle search debouncing" type="FAILURE">
<![CDATA[  [chromium] â€º docs-system.spec.ts:267:3 â€º ðŸ“Š Docs System - Performance â€º should handle search debouncing 

    TimeoutError: locator.click: Timeout 15000ms exceeded.
    Call log:
      - waiting for getByRole('button', { name: /dev login/i })


      267 |   test('should handle search debouncing', async ({ page }) => {
      268 |     await page.goto('http://localhost:3000/login');
    > 269 |     await page.getByRole('button', { name: /dev login/i }).click();
          |                                                            ^
      270 |     await page.waitForURL('http://localhost:3000/');
      271 |     
      272 |     await page.goto('http://localhost:3000/docs');
        at C:\Users\empir\Tekup\services\tekup-ai-v2\tests\docs-system.spec.ts:269:60

    attachment #1: screenshot (image/png) â”€â”€â”€â”€â”€â”€â”€â”€â”€â”€â”€â”€â”€â”€â”€â”€â”€â”€â”€â”€â”€â”€â”€â”€â”€â”€â”€â”€â”€â”€â”€â”€â”€â”€â”€â”€â”€â”€â”€â”€â”€â”€â”€â”€â”€â”€â”€â”€â”€â”€â”€â”€â”€â”€â”€â”€â”€â”€
    ..\test-results\docs-system-ðŸ“Š-Docs-System-9fe93-ld-handle-search-debouncing-chromium\test-failed-1.png
    â”€â”€â”€â”€â”€â”€â”€â”€â”€â”€â”€â”€â”€â”€â”€â”€â”€â”€â”€â”€â”€â”€â”€â”€â”€â”€â”€â”€â”€â”€â”€â”€â”€â”€â”€â”€â”€â”€â”€â”€â”€â”€â”€â”€â”€â”€â”€â”€â”€â”€â”€â”€â”€â”€â”€â”€â”€â”€â”€â”€â”€â”€â”€â”€â”€â”€â”€â”€â”€â”€â”€â”€â”€â”€â”€â”€â”€â”€â”€â”€â”€â”€â”€â”€â”€â”€â”€â”€â”€â”€â”€â”€â”€â”€â”€â”€

    attachment #2: video (video/webm) â”€â”€â”€â”€â”€â”€â”€â”€â”€â”€â”€â”€â”€â”€â”€â”€â”€â”€â”€â”€â”€â”€â”€â”€â”€â”€â”€â”€â”€â”€â”€â”€â”€â”€â”€â”€â”€â”€â”€â”€â”€â”€â”€â”€â”€â”€â”€â”€â”€â”€â”€â”€â”€â”€â”€â”€â”€â”€â”€â”€â”€â”€
    ..\test-results\docs-system-ðŸ“Š-Docs-System-9fe93-ld-handle-search-debouncing-chromium\video.webm
    â”€â”€â”€â”€â”€â”€â”€â”€â”€â”€â”€â”€â”€â”€â”€â”€â”€â”€â”€â”€â”€â”€â”€â”€â”€â”€â”€â”€â”€â”€â”€â”€â”€â”€â”€â”€â”€â”€â”€â”€â”€â”€â”€â”€â”€â”€â”€â”€â”€â”€â”€â”€â”€â”€â”€â”€â”€â”€â”€â”€â”€â”€â”€â”€â”€â”€â”€â”€â”€â”€â”€â”€â”€â”€â”€â”€â”€â”€â”€â”€â”€â”€â”€â”€â”€â”€â”€â”€â”€â”€â”€â”€â”€â”€â”€â”€

    Error Context: ..\test-results\docs-system-ðŸ“Š-Docs-System-9fe93-ld-handle-search-debouncing-chromium\error-context.md
]]>
</failure>
<system-out>
<![CDATA[
[[ATTACHMENT|docs-system-ðŸ“Š-Docs-System-9fe93-ld-handle-search-debouncing-chromium\test-failed-1.png]]

[[ATTACHMENT|docs-system-ðŸ“Š-Docs-System-9fe93-ld-handle-search-debouncing-chromium\video.webm]]

[[ATTACHMENT|docs-system-ðŸ“Š-Docs-System-9fe93-ld-handle-search-debouncing-chromium\error-context.md]]
]]>
</system-out>
</testcase>
</testsuite>
<testsuite name="docs-system.spec.ts" timestamp="2025-11-08T22:07:57.606Z" hostname="firefox" tests="12" failures="12" skipped="0" time="0.364" errors="0">
<testcase name="ðŸ“š Documentation System â€º should navigate to docs page and show documents" classname="docs-system.spec.ts" time="0.017">
<failure message="docs-system.spec.ts:25:3 should navigate to docs page and show documents" type="FAILURE">
<![CDATA[  [firefox] â€º docs-system.spec.ts:25:3 â€º ðŸ“š Documentation System â€º should navigate to docs page and show documents 

    Error: browser.newContext: Unknown permission: clipboard-read
]]>
</failure>
</testcase>
<testcase name="ðŸ“š Documentation System â€º should filter by category" classname="docs-system.spec.ts" time="0.025">
<failure message="docs-system.spec.ts:41:3 should filter by category" type="FAILURE">
<![CDATA[  [firefox] â€º docs-system.spec.ts:41:3 â€º ðŸ“š Documentation System â€º should filter by category â”€â”€â”€â”€â”€â”€â”€

    Error: browser.newContext: Unknown permission: clipboard-read
]]>
</failure>
</testcase>
<testcase name="ðŸ“š Documentation System â€º should filter by outdated tag" classname="docs-system.spec.ts" time="0.032">
<failure message="docs-system.spec.ts:63:3 should filter by outdated tag" type="FAILURE">
<![CDATA[  [firefox] â€º docs-system.spec.ts:63:3 â€º ðŸ“š Documentation System â€º should filter by outdated tag â”€â”€â”€

    Error: browser.newContext: Unknown permission: clipboard-read
]]>
</failure>
</testcase>
<testcase name="ðŸ“š Documentation System â€º should search for documents" classname="docs-system.spec.ts" time="0.031">
<failure message="docs-system.spec.ts:86:3 should search for documents" type="FAILURE">
<![CDATA[  [firefox] â€º docs-system.spec.ts:86:3 â€º ðŸ“š Documentation System â€º should search for documents â”€â”€â”€â”€â”€

    Error: browser.newContext: Unknown permission: clipboard-read
]]>
</failure>
</testcase>
<testcase name="ðŸ“š Documentation System â€º should open template dropdown and show templates" classname="docs-system.spec.ts" time="0.035">
<failure message="docs-system.spec.ts:104:3 should open template dropdown and show templates" type="FAILURE">
<![CDATA[  [firefox] â€º docs-system.spec.ts:104:3 â€º ðŸ“š Documentation System â€º should open template dropdown and show templates 

    Error: browser.newContext: Unknown permission: clipboard-read
]]>
</failure>
</testcase>
<testcase name="ðŸ“š Documentation System â€º should create document with Bug Report template" classname="docs-system.spec.ts" time="0.032">
<failure message="docs-system.spec.ts:120:3 should create document with Bug Report template" type="FAILURE">
<![CDATA[  [firefox] â€º docs-system.spec.ts:120:3 â€º ðŸ“š Documentation System â€º should create document with Bug Report template 

    Error: browser.newContext: Unknown permission: clipboard-read
]]>
</failure>
</testcase>
<testcase name="ðŸ“š Documentation System â€º should toggle between Edit and Preview tabs" classname="docs-system.spec.ts" time="0.033">
<failure message="docs-system.spec.ts:159:3 should toggle between Edit and Preview tabs" type="FAILURE">
<![CDATA[  [firefox] â€º docs-system.spec.ts:159:3 â€º ðŸ“š Documentation System â€º should toggle between Edit and Preview tabs 

    Error: browser.newContext: Unknown permission: clipboard-read
]]>
</failure>
</testcase>
<testcase name="ðŸ“š Documentation System â€º should show quick actions menu on doc card" classname="docs-system.spec.ts" time="0.029">
<failure message="docs-system.spec.ts:184:3 should show quick actions menu on doc card" type="FAILURE">
<![CDATA[  [firefox] â€º docs-system.spec.ts:184:3 â€º ðŸ“š Documentation System â€º should show quick actions menu on doc card 

    Error: browser.newContext: Unknown permission: clipboard-read
]]>
</failure>
</testcase>
<testcase name="ðŸ“š Documentation System â€º should view a document" classname="docs-system.spec.ts" time="0.036">
<failure message="docs-system.spec.ts:200:3 should view a document" type="FAILURE">
<![CDATA[  [firefox] â€º docs-system.spec.ts:200:3 â€º ðŸ“š Documentation System â€º should view a document â”€â”€â”€â”€â”€â”€â”€â”€â”€

    Error: browser.newContext: Unknown permission: clipboard-read
]]>
</failure>
</testcase>
<testcase name="ðŸ“š Documentation System â€º should show correct count after filtering" classname="docs-system.spec.ts" time="0.029">
<failure message="docs-system.spec.ts:222:3 should show correct count after filtering" type="FAILURE">
<![CDATA[  [firefox] â€º docs-system.spec.ts:222:3 â€º ðŸ“š Documentation System â€º should show correct count after filtering 

    Error: browser.newContext: Unknown permission: clipboard-read
]]>
</failure>
</testcase>
<testcase name="ðŸ“Š Docs System - Performance â€º should load docs page quickly" classname="docs-system.spec.ts" time="0.023">
<failure message="docs-system.spec.ts:250:3 should load docs page quickly" type="FAILURE">
<![CDATA[  [firefox] â€º docs-system.spec.ts:250:3 â€º ðŸ“Š Docs System - Performance â€º should load docs page quickly 

    Error: browser.newContext: Unknown permission: clipboard-read
]]>
</failure>
</testcase>
<testcase name="ðŸ“Š Docs System - Performance â€º should handle search debouncing" classname="docs-system.spec.ts" time="0.042">
<failure message="docs-system.spec.ts:267:3 should handle search debouncing" type="FAILURE">
<![CDATA[  [firefox] â€º docs-system.spec.ts:267:3 â€º ðŸ“Š Docs System - Performance â€º should handle search debouncing 

    Error: browser.newContext: Unknown permission: clipboard-read
]]>
</failure>
</testcase>
</testsuite>
<testsuite name="docs-system.spec.ts" timestamp="2025-11-08T22:07:57.606Z" hostname="webkit" tests="12" failures="0" skipped="12" time="28.251" errors="0">
<testcase name="ðŸ“š Documentation System â€º should navigate to docs page and show documents" classname="docs-system.spec.ts" time="8.178">
<skipped>
</skipped>
</testcase>
<testcase name="ðŸ“š Documentation System â€º should filter by category" classname="docs-system.spec.ts" time="7.209">
<skipped>
</skipped>
</testcase>
<testcase name="ðŸ“š Documentation System â€º should filter by outdated tag" classname="docs-system.spec.ts" time="6.722">
<skipped>
</skipped>
</testcase>
<testcase name="ðŸ“š Documentation System â€º should search for documents" classname="docs-system.spec.ts" time="6.142">
<skipped>
</skipped>
</testcase>
<testcase name="ðŸ“š Documentation System â€º should open template dropdown and show templates" classname="docs-system.spec.ts" time="0">
<skipped>
</skipped>
</testcase>
<testcase name="ðŸ“š Documentation System â€º should create document with Bug Report template" classname="docs-system.spec.ts" time="0">
<skipped>
</skipped>
</testcase>
<testcase name="ðŸ“š Documentation System â€º should toggle between Edit and Preview tabs" classname="docs-system.spec.ts" time="0">
<skipped>
</skipped>
</testcase>
<testcase name="ðŸ“š Documentation System â€º should show quick actions menu on doc card" classname="docs-system.spec.ts" time="0">
<skipped>
</skipped>
</testcase>
<testcase name="ðŸ“š Documentation System â€º should view a document" classname="docs-system.spec.ts" time="0">
<skipped>
</skipped>
</testcase>
<testcase name="ðŸ“š Documentation System â€º should show correct count after filtering" classname="docs-system.spec.ts" time="0">
<skipped>
</skipped>
</testcase>
<testcase name="ðŸ“Š Docs System - Performance â€º should load docs page quickly" classname="docs-system.spec.ts" time="0">
<skipped>
</skipped>
</testcase>
<testcase name="ðŸ“Š Docs System - Performance â€º should handle search debouncing" classname="docs-system.spec.ts" time="0">
<skipped>
</skipped>
</testcase>
</testsuite>
<testsuite name="docs-system.spec.ts" timestamp="2025-11-08T22:07:57.606Z" hostname="Mobile Chrome" tests="12" failures="0" skipped="12" time="0" errors="0">
<testcase name="ðŸ“š Documentation System â€º should navigate to docs page and show documents" classname="docs-system.spec.ts" time="0">
<skipped>
</skipped>
</testcase>
<testcase name="ðŸ“š Documentation System â€º should filter by category" classname="docs-system.spec.ts" time="0">
<skipped>
</skipped>
</testcase>
<testcase name="ðŸ“š Documentation System â€º should filter by outdated tag" classname="docs-system.spec.ts" time="0">
<skipped>
</skipped>
</testcase>
<testcase name="ðŸ“š Documentation System â€º should search for documents" classname="docs-system.spec.ts" time="0">
<skipped>
</skipped>
</testcase>
<testcase name="ðŸ“š Documentation System â€º should open template dropdown and show templates" classname="docs-system.spec.ts" time="0">
<skipped>
</skipped>
</testcase>
<testcase name="ðŸ“š Documentation System â€º should create document with Bug Report template" classname="docs-system.spec.ts" time="0">
<skipped>
</skipped>
</testcase>
<testcase name="ðŸ“š Documentation System â€º should toggle between Edit and Preview tabs" classname="docs-system.spec.ts" time="0">
<skipped>
</skipped>
</testcase>
<testcase name="ðŸ“š Documentation System â€º should show quick actions menu on doc card" classname="docs-system.spec.ts" time="0">
<skipped>
</skipped>
</testcase>
<testcase name="ðŸ“š Documentation System â€º should view a document" classname="docs-system.spec.ts" time="0">
<skipped>
</skipped>
</testcase>
<testcase name="ðŸ“š Documentation System â€º should show correct count after filtering" classname="docs-system.spec.ts" time="0">
<skipped>
</skipped>
</testcase>
<testcase name="ðŸ“Š Docs System - Performance â€º should load docs page quickly" classname="docs-system.spec.ts" time="0">
<skipped>
</skipped>
</testcase>
<testcase name="ðŸ“Š Docs System - Performance â€º should handle search debouncing" classname="docs-system.spec.ts" time="0">
<skipped>
</skipped>
</testcase>
</testsuite>
<testsuite name="docs-system.spec.ts" timestamp="2025-11-08T22:07:57.606Z" hostname="Mobile Safari" tests="12" failures="0" skipped="12" time="0" errors="0">
<testcase name="ðŸ“š Documentation System â€º should navigate to docs page and show documents" classname="docs-system.spec.ts" time="0">
<skipped>
</skipped>
</testcase>
<testcase name="ðŸ“š Documentation System â€º should filter by category" classname="docs-system.spec.ts" time="0">
<skipped>
</skipped>
</testcase>
<testcase name="ðŸ“š Documentation System â€º should filter by outdated tag" classname="docs-system.spec.ts" time="0">
<skipped>
</skipped>
</testcase>
<testcase name="ðŸ“š Documentation System â€º should search for documents" classname="docs-system.spec.ts" time="0">
<skipped>
</skipped>
</testcase>
<testcase name="ðŸ“š Documentation System â€º should open template dropdown and show templates" classname="docs-system.spec.ts" time="0">
<skipped>
</skipped>
</testcase>
<testcase name="ðŸ“š Documentation System â€º should create document with Bug Report template" classname="docs-system.spec.ts" time="0">
<skipped>
</skipped>
</testcase>
<testcase name="ðŸ“š Documentation System â€º should toggle between Edit and Preview tabs" classname="docs-system.spec.ts" time="0">
<skipped>
</skipped>
</testcase>
<testcase name="ðŸ“š Documentation System â€º should show quick actions menu on doc card" classname="docs-system.spec.ts" time="0">
<skipped>
</skipped>
</testcase>
<testcase name="ðŸ“š Documentation System â€º should view a document" classname="docs-system.spec.ts" time="0">
<skipped>
</skipped>
</testcase>
<testcase name="ðŸ“š Documentation System â€º should show correct count after filtering" classname="docs-system.spec.ts" time="0">
<skipped>
</skipped>
</testcase>
<testcase name="ðŸ“Š Docs System - Performance â€º should load docs page quickly" classname="docs-system.spec.ts" time="0">
<skipped>
</skipped>
</testcase>
<testcase name="ðŸ“Š Docs System - Performance â€º should handle search debouncing" classname="docs-system.spec.ts" time="0">
<skipped>
</skipped>
</testcase>
</testsuite>
</testsuites>