<testsuites id="" name="" tests="8" failures="0" skipped="2" errors="0" time="11.818788999999999">
<testsuite name="chat-input-buttons.spec.ts" timestamp="2025-11-08T22:02:58.497Z" hostname="chromium" tests="8" failures="0" skipped="2" time="31.148" errors="0">
<testcase name="ChatInput Button Functionality › should show disabled buttons with &quot;kommer snart&quot; tooltips" classname="chat-input-buttons.spec.ts" time="5.407">
</testcase>
<testcase name="ChatInput Button Functionality › should have disabled voice button with tooltip" classname="chat-input-buttons.spec.ts" time="5.236">
</testcase>
<testcase name="ChatInput Button Functionality › Send button should be disabled when input is empty" classname="chat-input-buttons.spec.ts" time="5.146">
</testcase>
<testcase name="ChatInput Button Functionality › Send button should be enabled when input has text" classname="chat-input-buttons.spec.ts" time="5.199">
</testcase>
<testcase name="ChatInput Button Functionality › Stop button should appear during streaming" classname="chat-input-buttons.spec.ts" time="0">
<properties>
<property name="skip" value="">
</property>
</properties>
<skipped>
</skipped>
</testcase>
<testcase name="ChatInput Button Functionality › disabled buttons should log to console when clicked" classname="chat-input-buttons.spec.ts" time="5.57">
</testcase>
<testcase name="ChatInput Button Functionality › compact UI should be visible in narrow panel" classname="chat-input-buttons.spec.ts" time="0">
<properties>
<property name="skip" value="">
</property>
</properties>
<skipped>
</skipped>
</testcase>
<testcase name="ChatInput Button Functionality › messages should use compact styling" classname="chat-input-buttons.spec.ts" time="4.59">
</testcase>
</testsuite>
</testsuites>