<testsuites id="" name="" tests="1" failures="0" skipped="0" errors="0" time="111.27600199999999">
<testsuite name="ui-analysis\debug-page.spec.ts" timestamp="2025-11-09T11:26:20.471Z" hostname="chromium" tests="1" failures="0" skipped="0" time="21.793" errors="0">
<testcase name="Debug - Check Page Content" classname="ui-analysis\debug-page.spec.ts" time="21.793">
<system-out>
<![CDATA[BROWSER error: Failed to load resource: the server responded with a status of 426 (Upgrade Required)

========== HTML CONTENT (first 2000 chars) ==========
<html><head><meta name="color-scheme" content="light dark"></head><body><pre style="word-wrap: break-word; white-space: pre-wrap;">Upgrade Required</pre></body></html>
====================================================


========== VISIBLE TEXT ==========
Upgrade Required
==================================

Has login form: false

=== Navigating to /workspace ===
BROWSER error: Failed to load resource: the server responded with a status of 426 (Upgrade Required)

========== WORKSPACE HTML (first 2000 chars) ==========
<html><head><meta name="color-scheme" content="light dark"></head><body><pre style="word-wrap: break-word; white-space: pre-wrap;">Upgrade Required</pre></body></html>
====================================================


========== WORKSPACE TEXT ==========
Upgrade Required
====================================

]]>
</system-out>
</testcase>
</testsuite>
</testsuites>